# JRE version: OpenJDK Runtime Environment (8.0_242-b01) (build 1.8.0_242-release-1644-b01)
# Java VM: OpenJDK 64-Bit Server VM (25.242-b01 mixed mode windows-amd64 compressed oops)
Heap:
 PSYoungGen      total 506880K, used 256259K [0x00000000d5580000, 0x0000000100000000, 0x0000000100000000)
  eden space 431616K, 41% used [0x00000000d5580000,0x00000000e066b9a8,0x00000000efb00000)
  from space 75264K, 99% used [0x00000000efb00000,0x00000000f4455410,0x00000000f4480000)
  to   space 134144K, 0% used [0x00000000f7d00000,0x00000000f7d00000,0x0000000100000000)
 ParOldGen       total 300544K, used 154798K [0x0000000080000000, 0x0000000092580000, 0x00000000d5580000)
  object space 300544K, 51% used [0x0000000080000000,0x000000008972bb40,0x0000000092580000)
 Metaspace       used 199306K, capacity 210638K, committed 210776K, reserved 1232896K
  class space    used 25384K, capacity 27457K, committed 27520K, reserved 1048576K
GC Heap History (10 events):
Event: 2008.736 GC heap before
{Heap before GC invocations=34 (full 5):
 PSYoungGen      total 596992K, used 526940K [0x00000000d5580000, 0x0000000100000000, 0x0000000100000000)
  eden space 495104K, 100% used [0x00000000d5580000,0x00000000f3900000,0x00000000f3900000)
  from space 101888K, 31% used [0x00000000f9700000,0x00000000fb617348,0x00000000ffa80000)
  to   space 96256K, 0% used [0x00000000f3900000,0x00000000f3900000,0x00000000f9700000)
 ParOldGen       total 300544K, used 112879K [0x0000000080000000, 0x0000000092580000, 0x00000000d5580000)
  object space 300544K, 37% used [0x0000000080000000,0x0000000086e3bf90,0x0000000092580000)
 Metaspace       used 182411K, capacity 192498K, committed 192728K, reserved 1216512K
  class space    used 23568K, capacity 25509K, committed 25600K, reserved 1048576K
Event: 2008.880 GC heap after
Heap after GC invocations=34 (full 5):
 PSYoungGen      total 580608K, used 85183K [0x00000000d5580000, 0x0000000100000000, 0x0000000100000000)
  eden space 495104K, 0% used [0x00000000d5580000,0x00000000d5580000,0x00000000f3900000)
  from space 85504K, 99% used [0x00000000f3900000,0x00000000f8c2fc60,0x00000000f8c80000)
  to   space 108032K, 0% used [0x00000000f9680000,0x00000000f9680000,0x0000000100000000)
 ParOldGen       total 300544K, used 112887K [0x0000000080000000, 0x0000000092580000, 0x00000000d5580000)
  object space 300544K, 37% used [0x0000000080000000,0x0000000086e3df90,0x0000000092580000)
 Metaspace       used 182411K, capacity 192498K, committed 192728K, reserved 1216512K
  class space    used 23568K, capacity 25509K, committed 25600K, reserved 1048576K
}
Event: 2161.054 GC heap before
{Heap before GC invocations=35 (full 5):
 PSYoungGen      total 580608K, used 580287K [0x00000000d5580000, 0x0000000100000000, 0x0000000100000000)
  eden space 495104K, 100% used [0x00000000d5580000,0x00000000f3900000,0x00000000f3900000)
  from space 85504K, 99% used [0x00000000f3900000,0x00000000f8c2fc60,0x00000000f8c80000)
  to   space 108032K, 0% used [0x00000000f9680000,0x00000000f9680000,0x0000000100000000)
 ParOldGen       total 300544K, used 112887K [0x0000000080000000, 0x0000000092580000, 0x00000000d5580000)
  object space 300544K, 37% used [0x0000000080000000,0x0000000086e3df90,0x0000000092580000)
 Metaspace       used 186012K, capacity 196272K, committed 196440K, reserved 1220608K
  class space    used 23936K, capacity 25872K, committed 25984K, reserved 1048576K
Event: 2161.126 GC heap after
Heap after GC invocations=35 (full 5):
 PSYoungGen      total 586752K, used 63818K [0x00000000d5580000, 0x0000000100000000, 0x0000000100000000)
  eden space 478720K, 0% used [0x00000000d5580000,0x00000000d5580000,0x00000000f2900000)
  from space 108032K, 59% used [0x00000000f9680000,0x00000000fd4d2a70,0x0000000100000000)
  to   space 110080K, 0% used [0x00000000f2900000,0x00000000f2900000,0x00000000f9480000)
 ParOldGen       total 300544K, used 112895K [0x0000000080000000, 0x0000000092580000, 0x00000000d5580000)
  object space 300544K, 37% used [0x0000000080000000,0x0000000086e3ff90,0x0000000092580000)
 Metaspace       used 186012K, capacity 196272K, committed 196440K, reserved 1220608K
  class space    used 23936K, capacity 25872K, committed 25984K, reserved 1048576K
}
Event: 4264.167 GC heap before
{Heap before GC invocations=36 (full 5):
 PSYoungGen      total 586752K, used 542538K [0x00000000d5580000, 0x0000000100000000, 0x0000000100000000)
  eden space 478720K, 100% used [0x00000000d5580000,0x00000000f2900000,0x00000000f2900000)
  from space 108032K, 59% used [0x00000000f9680000,0x00000000fd4d2a70,0x0000000100000000)
  to   space 110080K, 0% used [0x00000000f2900000,0x00000000f2900000,0x00000000f9480000)
 ParOldGen       total 300544K, used 112895K [0x0000000080000000, 0x0000000092580000, 0x00000000d5580000)
  object space 300544K, 37% used [0x0000000080000000,0x0000000086e3ff90,0x0000000092580000)
 Metaspace       used 191326K, capacity 201968K, committed 202200K, reserved 1224704K
  class space    used 24534K, capacity 26518K, committed 26624K, reserved 1048576K
Event: 4264.212 GC heap after
Heap after GC invocations=36 (full 5):
 PSYoungGen      total 510976K, used 32242K [0x00000000d5580000, 0x00000000ff900000, 0x0000000100000000)
  eden space 478720K, 0% used [0x00000000d5580000,0x00000000d5580000,0x00000000f2900000)
  from space 32256K, 99% used [0x00000000f2900000,0x00000000f487ca38,0x00000000f4880000)
  to   space 105472K, 0% used [0x00000000f9200000,0x00000000f9200000,0x00000000ff900000)
 ParOldGen       total 300544K, used 112903K [0x0000000080000000, 0x0000000092580000, 0x00000000d5580000)
  object space 300544K, 37% used [0x0000000080000000,0x0000000086e41f90,0x0000000092580000)
 Metaspace       used 191326K, capacity 201968K, committed 202200K, reserved 1224704K
  class space    used 24534K, capacity 26518K, committed 26624K, reserved 1048576K
}
Event: 4278.139 GC heap before
{Heap before GC invocations=37 (full 5):
 PSYoungGen      total 510976K, used 510962K [0x00000000d5580000, 0x00000000ff900000, 0x0000000100000000)
  eden space 478720K, 100% used [0x00000000d5580000,0x00000000f2900000,0x00000000f2900000)
  from space 32256K, 99% used [0x00000000f2900000,0x00000000f487ca38,0x00000000f4880000)
  to   space 105472K, 0% used [0x00000000f9200000,0x00000000f9200000,0x00000000ff900000)
 ParOldGen       total 300544K, used 112903K [0x0000000080000000, 0x0000000092580000, 0x00000000d5580000)
  object space 300544K, 37% used [0x0000000080000000,0x0000000086e41f90,0x0000000092580000)
 Metaspace       used 198303K, capacity 209146K, committed 209368K, reserved 1230848K
  class space    used 25297K, capacity 27301K, committed 27392K, reserved 1048576K
Event: 4278.330 GC heap after
Heap after GC invocations=37 (full 5):
 PSYoungGen      total 537088K, used 105459K [0x00000000d5580000, 0x0000000100000000, 0x0000000100000000)
  eden space 431616K, 0% used [0x00000000d5580000,0x00000000d5580000,0x00000000efb00000)
  from space 105472K, 99% used [0x00000000f9200000,0x00000000ff8fcee8,0x00000000ff900000)
  to   space 133632K, 0% used [0x00000000efb00000,0x00000000efb00000,0x00000000f7d80000)
 ParOldGen       total 300544K, used 142948K [0x0000000080000000, 0x0000000092580000, 0x00000000d5580000)
  object space 300544K, 47% used [0x0000000080000000,0x0000000088b99150,0x0000000092580000)
 Metaspace       used 198303K, capacity 209146K, committed 209368K, reserved 1230848K
  class space    used 25297K, capacity 27301K, committed 27392K, reserved 1048576K
}
Event: 4418.931 GC heap before
{Heap before GC invocations=38 (full 5):
 PSYoungGen      total 537088K, used 537075K [0x00000000d5580000, 0x0000000100000000, 0x0000000100000000)
  eden space 431616K, 100% used [0x00000000d5580000,0x00000000efb00000,0x00000000efb00000)
  from space 105472K, 99% used [0x00000000f9200000,0x00000000ff8fcee8,0x00000000ff900000)
  to   space 133632K, 0% used [0x00000000efb00000,0x00000000efb00000,0x00000000f7d80000)
 ParOldGen       total 300544K, used 142948K [0x0000000080000000, 0x0000000092580000, 0x00000000d5580000)
  object space 300544K, 47% used [0x0000000080000000,0x0000000088b99150,0x0000000092580000)
 Metaspace       used 199040K, capacity 210330K, committed 210520K, reserved 1232896K
  class space    used 25363K, capacity 27419K, committed 27520K, reserved 1048576K
Event: 4419.179 GC heap after
Heap after GC invocations=38 (full 5):
 PSYoungGen      total 506880K, used 75093K [0x00000000d5580000, 0x0000000100000000, 0x0000000100000000)
  eden space 431616K, 0% used [0x00000000d5580000,0x00000000d5580000,0x00000000efb00000)
  from space 75264K, 99% used [0x00000000efb00000,0x00000000f4455410,0x00000000f4480000)
  to   space 134144K, 0% used [0x00000000f7d00000,0x00000000f7d00000,0x0000000100000000)
 ParOldGen       total 300544K, used 154798K [0x0000000080000000, 0x0000000092580000, 0x00000000d5580000)
  object space 300544K, 51% used [0x0000000080000000,0x000000008972bb40,0x0000000092580000)
 Metaspace       used 199040K, capacity 210330K, committed 210520K, reserved 1232896K
  class space    used 25363K, capacity 27419K, committed 27520K, reserved 1048576K
}

