# JRE version: OpenJDK Runtime Environment (8.0_242-b01) (build 1.8.0_242-release-1644-b01)
# Java VM: OpenJDK 64-Bit Server VM (25.242-b01 mixed mode windows-amd64 compressed oops)
Heap:
 PSYoungGen      total 76288K, used 31170K [0x00000000d5580000, 0x00000000dea80000, 0x0000000100000000)
  eden space 65536K, 47% used [0x00000000d5580000,0x00000000d73f0a38,0x00000000d9580000)
  from space 10752K, 0% used [0x00000000d9580000,0x00000000d9580000,0x00000000da000000)
  to   space 10752K, 0% used [0x00000000de000000,0x00000000de000000,0x00000000dea80000)
 ParOldGen       total 51200K, used 6805K [0x0000000080000000, 0x0000000083200000, 0x00000000d5580000)
  object space 51200K, 13% used [0x0000000080000000,0x00000000806a56c8,0x0000000083200000)
 Metaspace       used 22470K, capacity 23254K, committed 23344K, reserved 1069056K
  class space    used 3171K, capacity 3371K, committed 3376K, reserved 1048576K
GC Heap History (10 events):
Event: 7.574 GC heap before
{Heap before GC invocations=4 (full 0):
 PSYoungGen      total 38400K, used 38339K [0x00000000d5580000, 0x00000000d8000000, 0x0000000100000000)
  eden space 33280K, 99% used [0x00000000d5580000,0x00000000d75f4db0,0x00000000d7600000)
  from space 5120K, 99% used [0x00000000d7600000,0x00000000d7afc030,0x00000000d7b00000)
  to   space 5120K, 0% used [0x00000000d7b00000,0x00000000d7b00000,0x00000000d8000000)
 ParOldGen       total 87552K, used 764K [0x0000000080000000, 0x0000000085580000, 0x00000000d5580000)
  object space 87552K, 0% used [0x0000000080000000,0x00000000800bf3d8,0x0000000085580000)
 Metaspace       used 14496K, capacity 14966K, committed 15232K, reserved 1062912K
  class space    used 1990K, capacity 2153K, committed 2176K, reserved 1048576K
Event: 7.594 GC heap after
Heap after GC invocations=4 (full 0):
 PSYoungGen      total 38400K, used 5103K [0x00000000d5580000, 0x00000000d8000000, 0x0000000100000000)
  eden space 33280K, 0% used [0x00000000d5580000,0x00000000d5580000,0x00000000d7600000)
  from space 5120K, 99% used [0x00000000d7b00000,0x00000000d7ffbc20,0x00000000d8000000)
  to   space 5120K, 0% used [0x00000000d7600000,0x00000000d7600000,0x00000000d7b00000)
 ParOldGen       total 87552K, used 3018K [0x0000000080000000, 0x0000000085580000, 0x00000000d5580000)
  object space 87552K, 3% used [0x0000000080000000,0x00000000802f2988,0x0000000085580000)
 Metaspace       used 14496K, capacity 14966K, committed 15232K, reserved 1062912K
  class space    used 1990K, capacity 2153K, committed 2176K, reserved 1048576K
}
Event: 9.059 GC heap before
{Heap before GC invocations=5 (full 0):
 PSYoungGen      total 38400K, used 38383K [0x00000000d5580000, 0x00000000d8000000, 0x0000000100000000)
  eden space 33280K, 100% used [0x00000000d5580000,0x00000000d7600000,0x00000000d7600000)
  from space 5120K, 99% used [0x00000000d7b00000,0x00000000d7ffbc20,0x00000000d8000000)
  to   space 5120K, 0% used [0x00000000d7600000,0x00000000d7600000,0x00000000d7b00000)
 ParOldGen       total 87552K, used 3018K [0x0000000080000000, 0x0000000085580000, 0x00000000d5580000)
  object space 87552K, 3% used [0x0000000080000000,0x00000000802f2988,0x0000000085580000)
 Metaspace       used 17471K, capacity 18116K, committed 18304K, reserved 1064960K
  class space    used 2386K, capacity 2564K, committed 2688K, reserved 1048576K
Event: 9.082 GC heap after
Heap after GC invocations=5 (full 0):
 PSYoungGen      total 38400K, used 5104K [0x00000000d5580000, 0x00000000da980000, 0x0000000100000000)
  eden space 33280K, 0% used [0x00000000d5580000,0x00000000d5580000,0x00000000d7600000)
  from space 5120K, 99% used [0x00000000d7600000,0x00000000d7afc010,0x00000000d7b00000)
  to   space 9728K, 0% used [0x00000000da000000,0x00000000da000000,0x00000000da980000)
 ParOldGen       total 87552K, used 5993K [0x0000000080000000, 0x0000000085580000, 0x00000000d5580000)
  object space 87552K, 6% used [0x0000000080000000,0x00000000805da638,0x0000000085580000)
 Metaspace       used 17471K, capacity 18116K, committed 18304K, reserved 1064960K
  class space    used 2386K, capacity 2564K, committed 2688K, reserved 1048576K
}
Event: 10.530 GC heap before
{Heap before GC invocations=6 (full 0):
 PSYoungGen      total 38400K, used 38384K [0x00000000d5580000, 0x00000000da980000, 0x0000000100000000)
  eden space 33280K, 100% used [0x00000000d5580000,0x00000000d7600000,0x00000000d7600000)
  from space 5120K, 99% used [0x00000000d7600000,0x00000000d7afc010,0x00000000d7b00000)
  to   space 9728K, 0% used [0x00000000da000000,0x00000000da000000,0x00000000da980000)
 ParOldGen       total 87552K, used 5993K [0x0000000080000000, 0x0000000085580000, 0x00000000d5580000)
  object space 87552K, 6% used [0x0000000080000000,0x00000000805da638,0x0000000085580000)
 Metaspace       used 20409K, capacity 21128K, committed 21248K, reserved 1067008K
  class space    used 2845K, capacity 3044K, committed 3072K, reserved 1048576K
Event: 10.551 GC heap after
Heap after GC invocations=6 (full 0):
 PSYoungGen      total 75264K, used 8737K [0x00000000d5580000, 0x00000000dab80000, 0x0000000100000000)
  eden space 65536K, 0% used [0x00000000d5580000,0x00000000d5580000,0x00000000d9580000)
  from space 9728K, 89% used [0x00000000da000000,0x00000000da8887e0,0x00000000da980000)
  to   space 10752K, 0% used [0x00000000d9580000,0x00000000d9580000,0x00000000da000000)
 ParOldGen       total 87552K, used 6001K [0x0000000080000000, 0x0000000085580000, 0x00000000d5580000)
  object space 87552K, 6% used [0x0000000080000000,0x00000000805dc638,0x0000000085580000)
 Metaspace       used 20409K, capacity 21128K, committed 21248K, reserved 1067008K
  class space    used 2845K, capacity 3044K, committed 3072K, reserved 1048576K
}
Event: 10.638 GC heap before
{Heap before GC invocations=7 (full 0):
 PSYoungGen      total 75264K, used 13068K [0x00000000d5580000, 0x00000000dab80000, 0x0000000100000000)
  eden space 65536K, 6% used [0x00000000d5580000,0x00000000d59bab50,0x00000000d9580000)
  from space 9728K, 89% used [0x00000000da000000,0x00000000da8887e0,0x00000000da980000)
  to   space 10752K, 0% used [0x00000000d9580000,0x00000000d9580000,0x00000000da000000)
 ParOldGen       total 87552K, used 6001K [0x0000000080000000, 0x0000000085580000, 0x00000000d5580000)
  object space 87552K, 6% used [0x0000000080000000,0x00000000805dc638,0x0000000085580000)
 Metaspace       used 20577K, capacity 21224K, committed 21296K, reserved 1067008K
  class space    used 2873K, capacity 3076K, committed 3120K, reserved 1048576K
Event: 10.655 GC heap after
Heap after GC invocations=7 (full 0):
 PSYoungGen      total 76288K, used 3924K [0x00000000d5580000, 0x00000000dea80000, 0x0000000100000000)
  eden space 65536K, 0% used [0x00000000d5580000,0x00000000d5580000,0x00000000d9580000)
  from space 10752K, 36% used [0x00000000d9580000,0x00000000d9955040,0x00000000da000000)
  to   space 10752K, 0% used [0x00000000de000000,0x00000000de000000,0x00000000dea80000)
 ParOldGen       total 87552K, used 8357K [0x0000000080000000, 0x0000000085580000, 0x00000000d5580000)
  object space 87552K, 9% used [0x0000000080000000,0x0000000080829698,0x0000000085580000)
 Metaspace       used 20577K, capacity 21224K, committed 21296K, reserved 1067008K
  class space    used 2873K, capacity 3076K, committed 3120K, reserved 1048576K
}
Event: 10.656 GC heap before
{Heap before GC invocations=8 (full 1):
 PSYoungGen      total 76288K, used 3924K [0x00000000d5580000, 0x00000000dea80000, 0x0000000100000000)
  eden space 65536K, 0% used [0x00000000d5580000,0x00000000d5580000,0x00000000d9580000)
  from space 10752K, 36% used [0x00000000d9580000,0x00000000d9955040,0x00000000da000000)
  to   space 10752K, 0% used [0x00000000de000000,0x00000000de000000,0x00000000dea80000)
 ParOldGen       total 87552K, used 8357K [0x0000000080000000, 0x0000000085580000, 0x00000000d5580000)
  object space 87552K, 9% used [0x0000000080000000,0x0000000080829698,0x0000000085580000)
 Metaspace       used 20577K, capacity 21224K, committed 21296K, reserved 1067008K
  class space    used 2873K, capacity 3076K, committed 3120K, reserved 1048576K
Event: 10.793 GC heap after
Heap after GC invocations=8 (full 1):
 PSYoungGen      total 76288K, used 0K [0x00000000d5580000, 0x00000000dea80000, 0x0000000100000000)
  eden space 65536K, 0% used [0x00000000d5580000,0x00000000d5580000,0x00000000d9580000)
  from space 10752K, 0% used [0x00000000d9580000,0x00000000d9580000,0x00000000da000000)
  to   space 10752K, 0% used [0x00000000de000000,0x00000000de000000,0x00000000dea80000)
 ParOldGen       total 51200K, used 6805K [0x0000000080000000, 0x0000000083200000, 0x00000000d5580000)
  object space 51200K, 13% used [0x0000000080000000,0x00000000806a56c8,0x0000000083200000)
 Metaspace       used 20577K, capacity 21224K, committed 21296K, reserved 1067008K
  class space    used 2873K, capacity 3076K, committed 3120K, reserved 1048576K
}

